<?xml version="1.0" encoding="UTF-8"?>
<!-- Generated by org.testng.reporters.JUnitReportReporter -->
<testsuite hostname="DESKTOP-HA3CHSD" failures="0" tests="2" name="com.runners.loginPageTestRunner" time="15.420" errors="0" timestamp="2024-12-27T10:05:54 IST" skipped="0">
  <testcase classname="com.runners.loginPageTestRunner" name="runScenario" time="7.825"/>
  <testcase classname="com.runners.loginPageTestRunner" name="runScenario" time="7.595"/>
</testsuite> <!-- com.runners.loginPageTestRunner -->
