<?xml version="1.0" encoding="UTF-8"?>
<!-- Generated by org.testng.reporters.JUnitReportReporter -->
<testsuite hostname="DESKTOP-HA3CHSD" failures="0" tests="4" name="com.runners.cartpageTestRunner" time="51.447" errors="0" timestamp="2024-12-27T10:05:54 IST" skipped="0">
  <testcase classname="com.runners.cartpageTestRunner" name="runScenario" time="12.903"/>
  <testcase classname="com.runners.cartpageTestRunner" name="runScenario" time="14.670"/>
  <testcase classname="com.runners.cartpageTestRunner" name="runScenario" time="11.853"/>
  <testcase classname="com.runners.cartpageTestRunner" name="runScenario" time="12.021"/>
</testsuite> <!-- com.runners.cartpageTestRunner -->
